iniciar-programa - INICIOPROGRAMA
define-nueva-instruccion - DECLARACION
como - COMODECLARACION
inicio - INICIO
gira-izquierda - GIRAIZQ
gira-izquierda - GIRAIZQ
gira-izquierda - GIRAIZQ
fin - FIN
inicia-ejecucion - INICIAEJECUCION
mientras - MIENTRAS
frente-libre - FLIBRE
y - Y
no-junto-a-zumbador - NJZUMBADOR
hacer - HACER
inicio - INICIO
avanza - AVANZA
fin - FIN
mientras - MIENTRAS
junto-a-zumbador - JZUMBADOR
hacer - HACER
inicio - INICIO
coge-zumbador - COGZUM
fin - FIN
gira-izquierda - GIRAIZQ
gira-izquierda - GIRAIZQ
mientras - MIENTRAS
frente-libre - FLIBRE
y - Y
no - NO
junto-a-zumbador - JZUMBADOR
hacer - HACER
inicio - INICIO
avanza - AVANZA
fin - FIN
si - SI
frente-bloqueado - FBLOQUADO
entonces - ENTONCES
inicio - INICIO
deja-zumbador - DEJZUM
fin - FIN
apagate - APAGAR
termina-ejecucion - FINEJECUCION
finalizar-programa - FINPROGRAMA
